# JRE version: OpenJDK Runtime Environment GraalVM CE 22.3.0 (17.0.5+8) (build 17.0.5+8-jvmci-22.3-b08)
# Java VM: OpenJDK 64-Bit Server VM GraalVM CE 22.3.0 (17.0.5+8-jvmci-22.3-b08, mixed mode, sharing, tiered, jvmci, jvmci compiler, compressed oops, compressed class ptrs, parallel gc, linux-amd64)
GC Precious Log:
 CPUs: 8 total, 1 available
 Memory: 1024M
 Large Page Support: Disabled
 NUMA Support: Disabled
 Compressed Oops: Enabled (32-bit)
 Alignments: Space 512K, Generation 512K, Heap 2M
 Heap Min Capacity: 100M
 Heap Initial Capacity: 100M
 Heap Max Capacity: 512M
 Pre-touch: Disabled
 Parallel Workers: 1
Heap:
 PSYoungGen      total 45568K, used 36351K [0x00000000f5580000, 0x00000000f8d00000, 0x0000000100000000)
  eden space 36352K, 99% used [0x00000000f5580000,0x00000000f78ffff8,0x00000000f7900000)
  from space 9216K, 0% used [0x00000000f8200000,0x00000000f8200000,0x00000000f8b00000)
  to   space 9216K, 0% used [0x00000000f7900000,0x00000000f7900000,0x00000000f8200000)
 ParOldGen       total 349696K, used 349695K [0x00000000e0000000, 0x00000000f5580000, 0x00000000f5580000)
  object space 349696K, 99% used [0x00000000e0000000,0x00000000f557ffb8,0x00000000f5580000)
 Metaspace       used 54461K, committed 55296K, reserved 1105920K
  class space    used 5260K, committed 5632K, reserved 1048576K
GC Heap History (20 events):
Event: 534.738 GC heap before
{Heap before GC invocations=247 (full 127):
 PSYoungGen      total 45568K, used 36352K [0x00000000f5580000, 0x00000000f8d00000, 0x0000000100000000)
  eden space 36352K, 100% used [0x00000000f5580000,0x00000000f7900000,0x00000000f7900000)
  from space 9216K, 0% used [0x00000000f8200000,0x00000000f8200000,0x00000000f8b00000)
  to   space 9216K, 0% used [0x00000000f7900000,0x00000000f7900000,0x00000000f8200000)
 ParOldGen       total 349696K, used 349689K [0x00000000e0000000, 0x00000000f5580000, 0x00000000f5580000)
  object space 349696K, 99% used [0x00000000e0000000,0x00000000f557e528,0x00000000f5580000)
 Metaspace       used 54460K, committed 55296K, reserved 1105920K
  class space    used 5260K, committed 5632K, reserved 1048576K
}
Event: 537.046 GC heap after
{Heap after GC invocations=247 (full 127):
 PSYoungGen      total 45568K, used 36352K [0x00000000f5580000, 0x00000000f8d00000, 0x0000000100000000)
  eden space 36352K, 100% used [0x00000000f5580000,0x00000000f7900000,0x00000000f7900000)
  from space 9216K, 0% used [0x00000000f7900000,0x00000000f7900000,0x00000000f8200000)
  to   space 9216K, 0% used [0x00000000f8200000,0x00000000f8200000,0x00000000f8b00000)
 ParOldGen       total 349696K, used 349688K [0x00000000e0000000, 0x00000000f5580000, 0x00000000f5580000)
  object space 349696K, 99% used [0x00000000e0000000,0x00000000f557e298,0x00000000f5580000)
 Metaspace       used 54460K, committed 55296K, reserved 1105920K
  class space    used 5260K, committed 5632K, reserved 1048576K
}
Event: 537.049 GC heap before
{Heap before GC invocations=248 (full 128):
 PSYoungGen      total 45568K, used 36352K [0x00000000f5580000, 0x00000000f8d00000, 0x0000000100000000)
  eden space 36352K, 100% used [0x00000000f5580000,0x00000000f7900000,0x00000000f7900000)
  from space 9216K, 0% used [0x00000000f7900000,0x00000000f7900000,0x00000000f8200000)
  to   space 9216K, 0% used [0x00000000f8200000,0x00000000f8200000,0x00000000f8b00000)
 ParOldGen       total 349696K, used 349693K [0x00000000e0000000, 0x00000000f5580000, 0x00000000f5580000)
  object space 349696K, 99% used [0x00000000e0000000,0x00000000f557f6c0,0x00000000f5580000)
 Metaspace       used 54461K, committed 55296K, reserved 1105920K
  class space    used 5260K, committed 5632K, reserved 1048576K
}
Event: 539.248 GC heap after
{Heap after GC invocations=248 (full 128):
 PSYoungGen      total 45568K, used 36351K [0x00000000f5580000, 0x00000000f8d00000, 0x0000000100000000)
  eden space 36352K, 99% used [0x00000000f5580000,0x00000000f78fffe8,0x00000000f7900000)
  from space 9216K, 0% used [0x00000000f8200000,0x00000000f8200000,0x00000000f8b00000)
  to   space 9216K, 0% used [0x00000000f7900000,0x00000000f7900000,0x00000000f8200000)
 ParOldGen       total 349696K, used 349692K [0x00000000e0000000, 0x00000000f5580000, 0x00000000f5580000)
  object space 349696K, 99% used [0x00000000e0000000,0x00000000f557f1b8,0x00000000f5580000)
 Metaspace       used 54461K, committed 55296K, reserved 1105920K
  class space    used 5260K, committed 5632K, reserved 1048576K
}
Event: 539.249 GC heap before
{Heap before GC invocations=249 (full 129):
 PSYoungGen      total 45568K, used 36351K [0x00000000f5580000, 0x00000000f8d00000, 0x0000000100000000)
  eden space 36352K, 99% used [0x00000000f5580000,0x00000000f78ffff8,0x00000000f7900000)
  from space 9216K, 0% used [0x00000000f8200000,0x00000000f8200000,0x00000000f8b00000)
  to   space 9216K, 0% used [0x00000000f7900000,0x00000000f7900000,0x00000000f8200000)
 ParOldGen       total 349696K, used 349692K [0x00000000e0000000, 0x00000000f5580000, 0x00000000f5580000)
  object space 349696K, 99% used [0x00000000e0000000,0x00000000f557f1b8,0x00000000f5580000)
 Metaspace       used 54461K, committed 55296K, reserved 1105920K
  class space    used 5260K, committed 5632K, reserved 1048576K
}
Event: 541.440 GC heap after
{Heap after GC invocations=249 (full 129):
 PSYoungGen      total 45568K, used 36351K [0x00000000f5580000, 0x00000000f8d00000, 0x0000000100000000)
  eden space 36352K, 99% used [0x00000000f5580000,0x00000000f78fffc8,0x00000000f7900000)
  from space 9216K, 0% used [0x00000000f7900000,0x00000000f7900000,0x00000000f8200000)
  to   space 9216K, 0% used [0x00000000f8200000,0x00000000f8200000,0x00000000f8b00000)
 ParOldGen       total 349696K, used 349692K [0x00000000e0000000, 0x00000000f5580000, 0x00000000f5580000)
  object space 349696K, 99% used [0x00000000e0000000,0x00000000f557f1b8,0x00000000f5580000)
 Metaspace       used 54461K, committed 55296K, reserved 1105920K
  class space    used 5260K, committed 5632K, reserved 1048576K
}
Event: 541.440 GC heap before
{Heap before GC invocations=250 (full 130):
 PSYoungGen      total 45568K, used 36352K [0x00000000f5580000, 0x00000000f8d00000, 0x0000000100000000)
  eden space 36352K, 100% used [0x00000000f5580000,0x00000000f7900000,0x00000000f7900000)
  from space 9216K, 0% used [0x00000000f7900000,0x00000000f7900000,0x00000000f8200000)
  to   space 9216K, 0% used [0x00000000f8200000,0x00000000f8200000,0x00000000f8b00000)
 ParOldGen       total 349696K, used 349692K [0x00000000e0000000, 0x00000000f5580000, 0x00000000f5580000)
  object space 349696K, 99% used [0x00000000e0000000,0x00000000f557f1b8,0x00000000f5580000)
 Metaspace       used 54461K, committed 55296K, reserved 1105920K
  class space    used 5260K, committed 5632K, reserved 1048576K
}
Event: 543.821 GC heap after
{Heap after GC invocations=250 (full 130):
 PSYoungGen      total 45568K, used 36351K [0x00000000f5580000, 0x00000000f8d00000, 0x0000000100000000)
  eden space 36352K, 99% used [0x00000000f5580000,0x00000000f78fffe8,0x00000000f7900000)
  from space 9216K, 0% used [0x00000000f8200000,0x00000000f8200000,0x00000000f8b00000)
  to   space 9216K, 0% used [0x00000000f7900000,0x00000000f7900000,0x00000000f8200000)
 ParOldGen       total 349696K, used 349692K [0x00000000e0000000, 0x00000000f5580000, 0x00000000f5580000)
  object space 349696K, 99% used [0x00000000e0000000,0x00000000f557f1b8,0x00000000f5580000)
 Metaspace       used 54461K, committed 55296K, reserved 1105920K
  class space    used 5260K, committed 5632K, reserved 1048576K
}
Event: 543.822 GC heap before
{Heap before GC invocations=251 (full 131):
 PSYoungGen      total 45568K, used 36352K [0x00000000f5580000, 0x00000000f8d00000, 0x0000000100000000)
  eden space 36352K, 100% used [0x00000000f5580000,0x00000000f7900000,0x00000000f7900000)
  from space 9216K, 0% used [0x00000000f8200000,0x00000000f8200000,0x00000000f8b00000)
  to   space 9216K, 0% used [0x00000000f7900000,0x00000000f7900000,0x00000000f8200000)
 ParOldGen       total 349696K, used 349694K [0x00000000e0000000, 0x00000000f5580000, 0x00000000f5580000)
  object space 349696K, 99% used [0x00000000e0000000,0x00000000f557f9b8,0x00000000f5580000)
 Metaspace       used 54461K, committed 55296K, reserved 1105920K
  class space    used 5260K, committed 5632K, reserved 1048576K
}
Event: 546.051 GC heap after
{Heap after GC invocations=251 (full 131):
 PSYoungGen      total 45568K, used 36351K [0x00000000f5580000, 0x00000000f8d00000, 0x0000000100000000)
  eden space 36352K, 99% used [0x00000000f5580000,0x00000000f78fffe8,0x00000000f7900000)
  from space 9216K, 0% used [0x00000000f7900000,0x00000000f7900000,0x00000000f8200000)
  to   space 9216K, 0% used [0x00000000f8200000,0x00000000f8200000,0x00000000f8b00000)
 ParOldGen       total 349696K, used 349693K [0x00000000e0000000, 0x00000000f5580000, 0x00000000f5580000)
  object space 349696K, 99% used [0x00000000e0000000,0x00000000f557f700,0x00000000f5580000)
 Metaspace       used 54461K, committed 55296K, reserved 1105920K
  class space    used 5260K, committed 5632K, reserved 1048576K
}
Event: 546.051 GC heap before
{Heap before GC invocations=252 (full 132):
 PSYoungGen      total 45568K, used 36352K [0x00000000f5580000, 0x00000000f8d00000, 0x0000000100000000)
  eden space 36352K, 100% used [0x00000000f5580000,0x00000000f7900000,0x00000000f7900000)
  from space 9216K, 0% used [0x00000000f7900000,0x00000000f7900000,0x00000000f8200000)
  to   space 9216K, 0% used [0x00000000f8200000,0x00000000f8200000,0x00000000f8b00000)
 ParOldGen       total 349696K, used 349693K [0x00000000e0000000, 0x00000000f5580000, 0x00000000f5580000)
  object space 349696K, 99% used [0x00000000e0000000,0x00000000f557f700,0x00000000f5580000)
 Metaspace       used 54461K, committed 55296K, reserved 1105920K
  class space    used 5260K, committed 5632K, reserved 1048576K
}
Event: 548.224 GC heap after
{Heap after GC invocations=252 (full 132):
 PSYoungGen      total 45568K, used 36352K [0x00000000f5580000, 0x00000000f8d00000, 0x0000000100000000)
  eden space 36352K, 100% used [0x00000000f5580000,0x00000000f7900000,0x00000000f7900000)
  from space 9216K, 0% used [0x00000000f8200000,0x00000000f8200000,0x00000000f8b00000)
  to   space 9216K, 0% used [0x00000000f7900000,0x00000000f7900000,0x00000000f8200000)
 ParOldGen       total 349696K, used 349693K [0x00000000e0000000, 0x00000000f5580000, 0x00000000f5580000)
  object space 349696K, 99% used [0x00000000e0000000,0x00000000f557f6e0,0x00000000f5580000)
 Metaspace       used 54461K, committed 55296K, reserved 1105920K
  class space    used 5260K, committed 5632K, reserved 1048576K
}
Event: 548.225 GC heap before
{Heap before GC invocations=253 (full 133):
 PSYoungGen      total 45568K, used 36352K [0x00000000f5580000, 0x00000000f8d00000, 0x0000000100000000)
  eden space 36352K, 100% used [0x00000000f5580000,0x00000000f7900000,0x00000000f7900000)
  from space 9216K, 0% used [0x00000000f8200000,0x00000000f8200000,0x00000000f8b00000)
  to   space 9216K, 0% used [0x00000000f7900000,0x00000000f7900000,0x00000000f8200000)
 ParOldGen       total 349696K, used 349695K [0x00000000e0000000, 0x00000000f5580000, 0x00000000f5580000)
  object space 349696K, 99% used [0x00000000e0000000,0x00000000f557ffe0,0x00000000f5580000)
 Metaspace       used 54461K, committed 55296K, reserved 1105920K
  class space    used 5260K, committed 5632K, reserved 1048576K
}
Event: 550.319 GC heap after
{Heap after GC invocations=253 (full 133):
 PSYoungGen      total 45568K, used 36351K [0x00000000f5580000, 0x00000000f8d00000, 0x0000000100000000)
  eden space 36352K, 99% used [0x00000000f5580000,0x00000000f78fffe8,0x00000000f7900000)
  from space 9216K, 0% used [0x00000000f7900000,0x00000000f7900000,0x00000000f8200000)
  to   space 9216K, 0% used [0x00000000f8200000,0x00000000f8200000,0x00000000f8b00000)
 ParOldGen       total 349696K, used 349693K [0x00000000e0000000, 0x00000000f5580000, 0x00000000f5580000)
  object space 349696K, 99% used [0x00000000e0000000,0x00000000f557f730,0x00000000f5580000)
 Metaspace       used 54461K, committed 55296K, reserved 1105920K
  class space    used 5260K, committed 5632K, reserved 1048576K
}
Event: 550.319 GC heap before
{Heap before GC invocations=254 (full 134):
 PSYoungGen      total 45568K, used 36352K [0x00000000f5580000, 0x00000000f8d00000, 0x0000000100000000)
  eden space 36352K, 100% used [0x00000000f5580000,0x00000000f7900000,0x00000000f7900000)
  from space 9216K, 0% used [0x00000000f7900000,0x00000000f7900000,0x00000000f8200000)
  to   space 9216K, 0% used [0x00000000f8200000,0x00000000f8200000,0x00000000f8b00000)
 ParOldGen       total 349696K, used 349694K [0x00000000e0000000, 0x00000000f5580000, 0x00000000f5580000)
  object space 349696K, 99% used [0x00000000e0000000,0x00000000f557f948,0x00000000f5580000)
 Metaspace       used 54461K, committed 55296K, reserved 1105920K
  class space    used 5260K, committed 5632K, reserved 1048576K
}
Event: 552.632 GC heap after
{Heap after GC invocations=254 (full 134):
 PSYoungGen      total 45568K, used 36351K [0x00000000f5580000, 0x00000000f8d00000, 0x0000000100000000)
  eden space 36352K, 99% used [0x00000000f5580000,0x00000000f78fffe8,0x00000000f7900000)
  from space 9216K, 0% used [0x00000000f8200000,0x00000000f8200000,0x00000000f8b00000)
  to   space 9216K, 0% used [0x00000000f7900000,0x00000000f7900000,0x00000000f8200000)
 ParOldGen       total 349696K, used 349694K [0x00000000e0000000, 0x00000000f5580000, 0x00000000f5580000)
  object space 349696K, 99% used [0x00000000e0000000,0x00000000f557f840,0x00000000f5580000)
 Metaspace       used 54461K, committed 55296K, reserved 1105920K
  class space    used 5260K, committed 5632K, reserved 1048576K
}
Event: 552.633 GC heap before
{Heap before GC invocations=255 (full 135):
 PSYoungGen      total 45568K, used 36351K [0x00000000f5580000, 0x00000000f8d00000, 0x0000000100000000)
  eden space 36352K, 99% used [0x00000000f5580000,0x00000000f78ffff8,0x00000000f7900000)
  from space 9216K, 0% used [0x00000000f8200000,0x00000000f8200000,0x00000000f8b00000)
  to   space 9216K, 0% used [0x00000000f7900000,0x00000000f7900000,0x00000000f8200000)
 ParOldGen       total 349696K, used 349694K [0x00000000e0000000, 0x00000000f5580000, 0x00000000f5580000)
  object space 349696K, 99% used [0x00000000e0000000,0x00000000f557f9e0,0x00000000f5580000)
 Metaspace       used 54461K, committed 55296K, reserved 1105920K
  class space    used 5260K, committed 5632K, reserved 1048576K
}
Event: 554.934 GC heap after
{Heap after GC invocations=255 (full 135):
 PSYoungGen      total 45568K, used 36351K [0x00000000f5580000, 0x00000000f8d00000, 0x0000000100000000)
  eden space 36352K, 99% used [0x00000000f5580000,0x00000000f78fffb8,0x00000000f7900000)
  from space 9216K, 0% used [0x00000000f7900000,0x00000000f7900000,0x00000000f8200000)
  to   space 9216K, 0% used [0x00000000f8200000,0x00000000f8200000,0x00000000f8b00000)
 ParOldGen       total 349696K, used 349694K [0x00000000e0000000, 0x00000000f5580000, 0x00000000f5580000)
  object space 349696K, 99% used [0x00000000e0000000,0x00000000f557f940,0x00000000f5580000)
 Metaspace       used 54461K, committed 55296K, reserved 1105920K
  class space    used 5260K, committed 5632K, reserved 1048576K
}
Event: 554.934 GC heap before
{Heap before GC invocations=256 (full 136):
 PSYoungGen      total 45568K, used 36351K [0x00000000f5580000, 0x00000000f8d00000, 0x0000000100000000)
  eden space 36352K, 99% used [0x00000000f5580000,0x00000000f78fffb8,0x00000000f7900000)
  from space 9216K, 0% used [0x00000000f7900000,0x00000000f7900000,0x00000000f8200000)
  to   space 9216K, 0% used [0x00000000f8200000,0x00000000f8200000,0x00000000f8b00000)
 ParOldGen       total 349696K, used 349694K [0x00000000e0000000, 0x00000000f5580000, 0x00000000f5580000)
  object space 349696K, 99% used [0x00000000e0000000,0x00000000f557f940,0x00000000f5580000)
 Metaspace       used 54461K, committed 55296K, reserved 1105920K
  class space    used 5260K, committed 5632K, reserved 1048576K
}
Event: 557.155 GC heap after
{Heap after GC invocations=256 (full 136):
 PSYoungGen      total 45568K, used 36351K [0x00000000f5580000, 0x00000000f8d00000, 0x0000000100000000)
  eden space 36352K, 99% used [0x00000000f5580000,0x00000000f78fffb8,0x00000000f7900000)
  from space 9216K, 0% used [0x00000000f8200000,0x00000000f8200000,0x00000000f8b00000)
  to   space 9216K, 0% used [0x00000000f7900000,0x00000000f7900000,0x00000000f8200000)
 ParOldGen       total 349696K, used 349694K [0x00000000e0000000, 0x00000000f5580000, 0x00000000f5580000)
  object space 349696K, 99% used [0x00000000e0000000,0x00000000f557f940,0x00000000f5580000)
 Metaspace       used 54461K, committed 55296K, reserved 1105920K
  class space    used 5260K, committed 5632K, reserved 1048576K
}

